<?xml version="1.0" encoding="UTF-8"?>
<testng-results ignored="0" total="1" passed="1" failed="0" skipped="0">
  <reporter-output>
  </reporter-output>
  <suite started-at="2023-09-05T15:15:14 IST" name="Default suite" finished-at="2023-09-05T15:15:20 IST" duration-ms="6080">
    <groups>
    </groups>
    <test started-at="2023-09-05T15:15:14 IST" name="Default test" finished-at="2023-09-05T15:15:20 IST" duration-ms="6080">
      <class name="com.selenium.Jenkins.NewTest1">
        <test-method signature="f()[pri:0, instance:com.selenium.Jenkins.NewTest1@f0c8a99]" started-at="2023-09-05T15:15:14 IST" name="f" finished-at="2023-09-05T15:15:20 IST" duration-ms="6028" status="PASS">
          <reporter-output>
          </reporter-output>
        </test-method> <!-- f -->
      </class> <!-- com.selenium.Jenkins.NewTest1 -->
    </test> <!-- Default test -->
  </suite> <!-- Default suite -->
</testng-results>
