<?xml version="1.0" encoding="UTF-8"?>
<testng-results ignored="0" total="1" passed="1" failed="0" skipped="0">
  <reporter-output>
  </reporter-output>
  <suite started-at="2023-09-06T15:02:32 IST" name="Suite" finished-at="2023-09-06T15:02:43 IST" duration-ms="11463">
    <groups>
    </groups>
    <test started-at="2023-09-06T15:02:32 IST" name="Test" finished-at="2023-09-06T15:02:43 IST" duration-ms="11463">
      <class name="com.selenium.Jenkins.NewTestListen1">
        <test-method is-config="true" signature="beforeMethod()[pri:0, instance:com.selenium.Jenkins.NewTestListen1@f0c8a99]" started-at="2023-09-06T15:02:32 IST" name="beforeMethod" finished-at="2023-09-06T15:02:39 IST" duration-ms="7860" status="PASS">
          <reporter-output>
          </reporter-output>
        </test-method> <!-- beforeMethod -->
        <test-method signature="f()[pri:0, instance:com.selenium.Jenkins.NewTestListen1@f0c8a99]" started-at="2023-09-06T15:02:40 IST" name="f" finished-at="2023-09-06T15:02:43 IST" duration-ms="3303" status="PASS">
          <reporter-output>
          </reporter-output>
        </test-method> <!-- f -->
        <test-method is-config="true" signature="afterMethod()[pri:0, instance:com.selenium.Jenkins.NewTestListen1@f0c8a99]" started-at="2023-09-06T15:02:43 IST" name="afterMethod" finished-at="2023-09-06T15:02:43 IST" duration-ms="238" status="PASS">
          <reporter-output>
          </reporter-output>
        </test-method> <!-- afterMethod -->
      </class> <!-- com.selenium.Jenkins.NewTestListen1 -->
    </test> <!-- Test -->
  </suite> <!-- Suite -->
</testng-results>
